{
  "0 debug pnpm:scope": {
    "selected": 1
  },
  "1 error pnpm": {
    "code": "ELIFECYCLE",
    "errno": "ENOENT",
    "syscall": "spawn",
    "file": "sh",
    "pkgid": "work-journal-sv@0.0.1",
    "stage": "dev",
    "script": "vite dev \"--open\"",
    "pkgname": "work-journal-sv",
    "err": {
      "name": "pnpm",
      "message": "work-journal-sv@0.0.1 dev: `vite dev \"--open\"`\nspawn ENOENT",
      "code": "ELIFECYCLE",
      "stack": "pnpm: work-journal-sv@0.0.1 dev: `vite dev \"--open\"`\nspawn ENOENT\n    at ChildProcess.<anonymous> (/Users/wgeraldo/Library/pnpm-global/5/node_modules/.pnpm/pnpm@7.5.0/node_modules/pnpm/dist/pnpm.cjs:95169:22)\n    at ChildProcess.emit (node:events:519:28)\n    at maybeClose (node:internal/child_process:1105:16)\n    at ChildProcess._handle.onexit (node:internal/child_process:305:5)"
    }
  },
  "2 warn pnpm:global": " Local package.json exists, but node_modules missing, did you mean to install?"
}